[2022-03-20 10:47:49,869][__main__][INFO] - Config param validation successful
[2022-03-20 10:47:49,869][__main__][INFO] - Begin parameter tuning process
[2022-03-20 10:48:02,786][modeling.tuning][INFO] - Starting grid search parameter tuning process
[2022-03-20 10:49:50,501][py4j.clientserver][INFO] - Closing down clientserver connection
[2022-03-20 10:49:50,503][py4j.clientserver][INFO] - Closing down clientserver connection
[2022-03-20 10:49:50,544][py4j.clientserver][INFO] - Closing down clientserver connection
[2022-03-20 10:49:50,572][py4j.clientserver][INFO] - Closing down clientserver connection
[2022-03-20 10:51:06,848][py4j.clientserver][INFO] - Closing down clientserver connection
[2022-03-20 10:51:06,862][py4j.clientserver][INFO] - Closing down clientserver connection
[2022-03-20 10:51:17,150][py4j.clientserver][INFO] - Closing down clientserver connection
[2022-03-20 10:51:17,293][py4j.clientserver][INFO] - Closing down clientserver connection
[2022-03-20 10:52:23,737][py4j.clientserver][INFO] - Closing down clientserver connection
[2022-03-20 10:52:23,758][py4j.clientserver][INFO] - Closing down clientserver connection
[2022-03-20 10:52:23,789][py4j.clientserver][INFO] - Closing down clientserver connection
[2022-03-20 10:52:23,882][py4j.clientserver][INFO] - Closing down clientserver connection
[2022-03-20 10:53:43,808][py4j.clientserver][INFO] - Closing down clientserver connection
[2022-03-20 10:53:43,876][py4j.clientserver][INFO] - Closing down clientserver connection
[2022-03-20 10:53:43,877][py4j.clientserver][INFO] - Closing down clientserver connection
[2022-03-20 10:53:48,356][py4j.clientserver][INFO] - Closing down clientserver connection
[2022-03-20 10:54:53,927][py4j.clientserver][INFO] - Closing down clientserver connection
[2022-03-20 10:54:53,971][py4j.clientserver][INFO] - Closing down clientserver connection
[2022-03-20 10:55:26,511][py4j.clientserver][INFO] - Closing down clientserver connection
[2022-03-20 10:55:26,549][py4j.clientserver][INFO] - Closing down clientserver connection
[2022-03-20 10:56:09,072][py4j.clientserver][INFO] - Closing down clientserver connection
[2022-03-20 10:56:09,188][py4j.clientserver][INFO] - Closing down clientserver connection
[2022-03-20 10:56:15,006][py4j.clientserver][INFO] - Closing down clientserver connection
[2022-03-20 10:56:15,080][py4j.clientserver][INFO] - Closing down clientserver connection
[2022-03-20 10:57:36,429][py4j.clientserver][INFO] - Closing down clientserver connection
[2022-03-20 10:57:36,431][py4j.clientserver][INFO] - Closing down clientserver connection
[2022-03-20 10:57:36,454][py4j.clientserver][INFO] - Closing down clientserver connection
[2022-03-20 10:57:44,297][py4j.clientserver][INFO] - Closing down clientserver connection
[2022-03-20 10:58:46,890][py4j.clientserver][INFO] - Closing down clientserver connection
[2022-03-20 10:58:47,014][py4j.clientserver][INFO] - Closing down clientserver connection
[2022-03-20 10:59:12,082][py4j.clientserver][INFO] - Closing down clientserver connection
[2022-03-20 10:59:16,262][py4j.clientserver][INFO] - Closing down clientserver connection
[2022-03-20 11:00:01,933][py4j.clientserver][INFO] - Closing down clientserver connection
[2022-03-20 11:00:04,752][py4j.clientserver][INFO] - Closing down clientserver connection
[2022-03-20 11:00:12,554][py4j.clientserver][INFO] - Closing down clientserver connection
[2022-03-20 11:00:12,633][py4j.clientserver][INFO] - Closing down clientserver connection
[2022-03-20 11:01:25,552][py4j.clientserver][INFO] - Closing down clientserver connection
[2022-03-20 11:01:25,556][py4j.clientserver][INFO] - Closing down clientserver connection
[2022-03-20 11:01:25,586][py4j.clientserver][INFO] - Closing down clientserver connection
[2022-03-20 11:01:33,020][py4j.clientserver][INFO] - Closing down clientserver connection
[2022-03-20 11:02:35,134][py4j.clientserver][INFO] - Closing down clientserver connection
[2022-03-20 11:02:35,199][py4j.clientserver][INFO] - Closing down clientserver connection
[2022-03-20 11:03:03,855][py4j.clientserver][INFO] - Closing down clientserver connection
[2022-03-20 11:03:07,932][py4j.clientserver][INFO] - Closing down clientserver connection
[2022-03-20 11:03:49,961][py4j.clientserver][INFO] - Closing down clientserver connection
[2022-03-20 11:03:49,979][py4j.clientserver][INFO] - Closing down clientserver connection
[2022-03-20 11:03:55,246][py4j.clientserver][INFO] - Closing down clientserver connection
[2022-03-20 11:03:55,354][py4j.clientserver][INFO] - Closing down clientserver connection
[2022-03-20 11:05:14,494][py4j.clientserver][INFO] - Closing down clientserver connection
[2022-03-20 11:05:14,499][py4j.clientserver][INFO] - Closing down clientserver connection
[2022-03-20 11:05:14,527][py4j.clientserver][INFO] - Closing down clientserver connection
[2022-03-20 11:05:22,285][py4j.clientserver][INFO] - Closing down clientserver connection
[2022-03-20 11:06:25,407][py4j.clientserver][INFO] - Closing down clientserver connection
[2022-03-20 11:06:25,526][py4j.clientserver][INFO] - Closing down clientserver connection
[2022-03-20 11:06:46,283][py4j.clientserver][INFO] - Closing down clientserver connection
[2022-03-20 11:06:49,761][py4j.clientserver][INFO] - Closing down clientserver connection
[2022-03-20 11:07:40,406][py4j.clientserver][INFO] - Closing down clientserver connection
[2022-03-20 11:07:40,521][py4j.clientserver][INFO] - Closing down clientserver connection
[2022-03-20 11:07:49,156][py4j.clientserver][INFO] - Closing down clientserver connection
[2022-03-20 11:08:12,108][py4j.clientserver][INFO] - Closing down clientserver connection
[2022-03-20 11:09:03,064][py4j.clientserver][INFO] - Closing down clientserver connection
[2022-03-20 11:09:03,094][py4j.clientserver][INFO] - Closing down clientserver connection
[2022-03-20 11:09:03,196][py4j.clientserver][INFO] - Closing down clientserver connection
[2022-03-20 11:09:13,932][py4j.clientserver][INFO] - Closing down clientserver connection
[2022-03-20 11:10:16,171][py4j.clientserver][INFO] - Closing down clientserver connection
[2022-03-20 11:10:16,252][py4j.clientserver][INFO] - Closing down clientserver connection
[2022-03-20 11:10:52,358][py4j.clientserver][INFO] - Closing down clientserver connection
[2022-03-20 11:10:52,424][py4j.clientserver][INFO] - Closing down clientserver connection
[2022-03-20 11:11:34,435][py4j.clientserver][INFO] - Closing down clientserver connection
[2022-03-20 11:11:34,441][py4j.clientserver][INFO] - Closing down clientserver connection
[2022-03-20 11:11:40,538][py4j.clientserver][INFO] - Closing down clientserver connection
[2022-03-20 11:11:40,601][py4j.clientserver][INFO] - Closing down clientserver connection
[2022-03-20 11:12:10,712][modeling.tuning][INFO] - End of grid search parameter tuning process
[2022-03-20 11:12:14,390][modeling.tuning][INFO] - Model saved to /kaggle/working/test/modeling/outputs/lr_model
[2022-03-20 11:12:17,562][modeling.tuning][INFO] - Tuned Logistic regression test AUC score : 0.9920517272079772
[2022-03-20 11:12:17,584][modeling.tuning][INFO] - Grid search summary saved to /kaggle/working/test/modeling/outputs/lr_tuning_results.csv
[2022-03-20 11:12:17,585][__main__][INFO] - End parameter tuning process
