[2022-03-15 12:17:11,881][__main__][INFO] - Config param validation successful
[2022-03-15 12:17:11,882][__main__][INFO] - Begin parameter tuning process
[2022-03-15 12:17:27,627][modeling.tuning][INFO] - Starting grid search parameter tuning process
[2022-03-15 12:19:25,639][py4j.clientserver][INFO] - Closing down clientserver connection
[2022-03-15 12:19:25,688][py4j.clientserver][INFO] - Closing down clientserver connection
[2022-03-15 12:19:25,691][py4j.clientserver][INFO] - Closing down clientserver connection
[2022-03-15 12:19:25,737][py4j.clientserver][INFO] - Closing down clientserver connection
[2022-03-15 12:20:43,093][py4j.clientserver][INFO] - Closing down clientserver connection
[2022-03-15 12:20:43,335][py4j.clientserver][INFO] - Closing down clientserver connection
[2022-03-15 12:20:54,293][py4j.clientserver][INFO] - Closing down clientserver connection
[2022-03-15 12:20:54,302][py4j.clientserver][INFO] - Closing down clientserver connection
[2022-03-15 12:22:05,311][py4j.clientserver][INFO] - Closing down clientserver connection
[2022-03-15 12:22:05,360][py4j.clientserver][INFO] - Closing down clientserver connection
[2022-03-15 12:22:05,405][py4j.clientserver][INFO] - Closing down clientserver connection
[2022-03-15 12:22:05,430][py4j.clientserver][INFO] - Closing down clientserver connection
[2022-03-15 12:23:24,564][py4j.clientserver][INFO] - Closing down clientserver connection
[2022-03-15 12:23:24,578][py4j.clientserver][INFO] - Closing down clientserver connection
[2022-03-15 12:23:24,606][py4j.clientserver][INFO] - Closing down clientserver connection
[2022-03-15 12:23:24,634][py4j.clientserver][INFO] - Closing down clientserver connection
[2022-03-15 12:24:38,385][py4j.clientserver][INFO] - Closing down clientserver connection
[2022-03-15 12:24:38,453][py4j.clientserver][INFO] - Closing down clientserver connection
[2022-03-15 12:25:13,012][py4j.clientserver][INFO] - Closing down clientserver connection
[2022-03-15 12:25:13,039][py4j.clientserver][INFO] - Closing down clientserver connection
[2022-03-15 12:25:54,679][py4j.clientserver][INFO] - Closing down clientserver connection
[2022-03-15 12:25:54,726][py4j.clientserver][INFO] - Closing down clientserver connection
[2022-03-15 12:26:00,424][py4j.clientserver][INFO] - Closing down clientserver connection
[2022-03-15 12:26:00,519][py4j.clientserver][INFO] - Closing down clientserver connection
[2022-03-15 12:27:19,085][py4j.clientserver][INFO] - Closing down clientserver connection
[2022-03-15 12:27:19,162][py4j.clientserver][INFO] - Closing down clientserver connection
[2022-03-15 12:27:29,489][py4j.clientserver][INFO] - Closing down clientserver connection
[2022-03-15 12:27:29,562][py4j.clientserver][INFO] - Closing down clientserver connection
[2022-03-15 12:28:34,678][py4j.clientserver][INFO] - Closing down clientserver connection
[2022-03-15 12:28:34,698][py4j.clientserver][INFO] - Closing down clientserver connection
[2022-03-15 12:29:07,684][py4j.clientserver][INFO] - Closing down clientserver connection
[2022-03-15 12:29:07,723][py4j.clientserver][INFO] - Closing down clientserver connection
[2022-03-15 12:29:47,614][py4j.clientserver][INFO] - Closing down clientserver connection
[2022-03-15 12:29:47,646][py4j.clientserver][INFO] - Closing down clientserver connection
[2022-03-15 12:30:13,241][py4j.clientserver][INFO] - Closing down clientserver connection
[2022-03-15 12:30:13,247][py4j.clientserver][INFO] - Closing down clientserver connection
[2022-03-15 12:31:10,682][py4j.clientserver][INFO] - Closing down clientserver connection
[2022-03-15 12:31:10,718][py4j.clientserver][INFO] - Closing down clientserver connection
[2022-03-15 12:31:10,758][py4j.clientserver][INFO] - Closing down clientserver connection
[2022-03-15 12:31:18,130][py4j.clientserver][INFO] - Closing down clientserver connection
[2022-03-15 12:32:20,262][py4j.clientserver][INFO] - Closing down clientserver connection
[2022-03-15 12:32:20,268][py4j.clientserver][INFO] - Closing down clientserver connection
[2022-03-15 12:32:56,188][py4j.clientserver][INFO] - Closing down clientserver connection
[2022-03-15 12:32:56,206][py4j.clientserver][INFO] - Closing down clientserver connection
[2022-03-15 12:33:38,872][py4j.clientserver][INFO] - Closing down clientserver connection
[2022-03-15 12:33:39,109][py4j.clientserver][INFO] - Closing down clientserver connection
[2022-03-15 12:33:45,892][py4j.clientserver][INFO] - Closing down clientserver connection
[2022-03-15 12:33:45,959][py4j.clientserver][INFO] - Closing down clientserver connection
[2022-03-15 12:35:06,925][py4j.clientserver][INFO] - Closing down clientserver connection
[2022-03-15 12:35:06,933][py4j.clientserver][INFO] - Closing down clientserver connection
[2022-03-15 12:35:06,956][py4j.clientserver][INFO] - Closing down clientserver connection
[2022-03-15 12:35:14,917][py4j.clientserver][INFO] - Closing down clientserver connection
[2022-03-15 12:36:18,591][py4j.clientserver][INFO] - Closing down clientserver connection
[2022-03-15 12:36:18,656][py4j.clientserver][INFO] - Closing down clientserver connection
[2022-03-15 12:36:18,666][py4j.clientserver][INFO] - Closing down clientserver connection
[2022-03-15 12:36:29,440][py4j.clientserver][INFO] - Closing down clientserver connection
[2022-03-15 12:37:29,354][py4j.clientserver][INFO] - Closing down clientserver connection
[2022-03-15 12:37:29,363][py4j.clientserver][INFO] - Closing down clientserver connection
[2022-03-15 12:37:29,382][py4j.clientserver][INFO] - Closing down clientserver connection
[2022-03-15 12:37:37,048][py4j.clientserver][INFO] - Closing down clientserver connection
[2022-03-15 12:38:46,607][py4j.clientserver][INFO] - Closing down clientserver connection
[2022-03-15 12:38:46,627][py4j.clientserver][INFO] - Closing down clientserver connection
[2022-03-15 12:38:46,683][py4j.clientserver][INFO] - Closing down clientserver connection
[2022-03-15 12:38:54,193][py4j.clientserver][INFO] - Closing down clientserver connection
[2022-03-15 12:39:56,455][py4j.clientserver][INFO] - Closing down clientserver connection
[2022-03-15 12:39:58,734][py4j.clientserver][INFO] - Closing down clientserver connection
[2022-03-15 12:40:29,126][py4j.clientserver][INFO] - Closing down clientserver connection
[2022-03-15 12:40:29,177][py4j.clientserver][INFO] - Closing down clientserver connection
[2022-03-15 12:41:10,260][py4j.clientserver][INFO] - Closing down clientserver connection
[2022-03-15 12:41:10,299][py4j.clientserver][INFO] - Closing down clientserver connection
[2022-03-15 12:41:16,175][py4j.clientserver][INFO] - Closing down clientserver connection
[2022-03-15 12:41:16,317][py4j.clientserver][INFO] - Closing down clientserver connection
[2022-03-15 12:41:46,959][modeling.tuning][INFO] - End of grid search parameter tuning process
[2022-03-15 12:41:51,013][modeling.tuning][INFO] - Model saved to /kaggle/working/test/modeling/outputs/lr_model
[2022-03-15 12:41:53,896][modeling.tuning][INFO] - Tuned Logistic regression test AUC score : 0.9914651332182393
[2022-03-15 12:41:53,913][modeling.tuning][INFO] - Grid search summary saved to /kaggle/working/test/modeling/outputs/lr_tuning_results.csv
[2022-03-15 12:41:53,913][__main__][INFO] - End parameter tuning process
