[2022-03-19 10:21:17,134][__main__][INFO] - Config param validation successful
[2022-03-19 10:21:17,134][__main__][INFO] - Begin parameter tuning process
[2022-03-19 10:21:29,585][modeling.tuning][INFO] - Starting grid search parameter tuning process
[2022-03-19 10:23:15,855][py4j.clientserver][INFO] - Closing down clientserver connection
[2022-03-19 10:23:15,877][py4j.clientserver][INFO] - Closing down clientserver connection
[2022-03-19 10:23:15,904][py4j.clientserver][INFO] - Closing down clientserver connection
[2022-03-19 10:23:16,093][py4j.clientserver][INFO] - Closing down clientserver connection
[2022-03-19 10:24:34,510][py4j.clientserver][INFO] - Closing down clientserver connection
[2022-03-19 10:24:34,575][py4j.clientserver][INFO] - Closing down clientserver connection
[2022-03-19 10:24:45,028][py4j.clientserver][INFO] - Closing down clientserver connection
[2022-03-19 10:24:45,069][py4j.clientserver][INFO] - Closing down clientserver connection
[2022-03-19 10:25:52,590][py4j.clientserver][INFO] - Closing down clientserver connection
[2022-03-19 10:25:52,611][py4j.clientserver][INFO] - Closing down clientserver connection
[2022-03-19 10:25:52,620][py4j.clientserver][INFO] - Closing down clientserver connection
[2022-03-19 10:26:00,093][py4j.clientserver][INFO] - Closing down clientserver connection
[2022-03-19 10:27:09,554][py4j.clientserver][INFO] - Closing down clientserver connection
[2022-03-19 10:27:09,722][py4j.clientserver][INFO] - Closing down clientserver connection
[2022-03-19 10:27:17,275][py4j.clientserver][INFO] - Closing down clientserver connection
[2022-03-19 10:27:37,230][py4j.clientserver][INFO] - Closing down clientserver connection
[2022-03-19 10:28:21,588][py4j.clientserver][INFO] - Closing down clientserver connection
[2022-03-19 10:28:21,675][py4j.clientserver][INFO] - Closing down clientserver connection
[2022-03-19 10:28:56,109][py4j.clientserver][INFO] - Closing down clientserver connection
[2022-03-19 10:29:14,599][py4j.clientserver][INFO] - Closing down clientserver connection
[2022-03-19 10:29:36,791][py4j.clientserver][INFO] - Closing down clientserver connection
[2022-03-19 10:29:36,798][py4j.clientserver][INFO] - Closing down clientserver connection
[2022-03-19 10:29:46,621][py4j.clientserver][INFO] - Closing down clientserver connection
[2022-03-19 10:29:50,546][py4j.clientserver][INFO] - Closing down clientserver connection
[2022-03-19 10:31:11,349][py4j.clientserver][INFO] - Closing down clientserver connection
[2022-03-19 10:31:11,356][py4j.clientserver][INFO] - Closing down clientserver connection
[2022-03-19 10:31:18,642][py4j.clientserver][INFO] - Closing down clientserver connection
[2022-03-19 10:31:27,655][py4j.clientserver][INFO] - Closing down clientserver connection
[2022-03-19 10:32:22,876][py4j.clientserver][INFO] - Closing down clientserver connection
[2022-03-19 10:32:22,906][py4j.clientserver][INFO] - Closing down clientserver connection
[2022-03-19 10:32:49,967][py4j.clientserver][INFO] - Closing down clientserver connection
[2022-03-19 10:33:01,109][py4j.clientserver][INFO] - Closing down clientserver connection
[2022-03-19 10:33:38,747][py4j.clientserver][INFO] - Closing down clientserver connection
[2022-03-19 10:33:41,959][py4j.clientserver][INFO] - Closing down clientserver connection
[2022-03-19 10:34:04,674][py4j.clientserver][INFO] - Closing down clientserver connection
[2022-03-19 10:34:15,931][py4j.clientserver][INFO] - Closing down clientserver connection
[2022-03-19 10:34:58,191][py4j.clientserver][INFO] - Closing down clientserver connection
[2022-03-19 10:34:58,229][py4j.clientserver][INFO] - Closing down clientserver connection
[2022-03-19 10:35:06,505][py4j.clientserver][INFO] - Closing down clientserver connection
[2022-03-19 10:35:39,471][py4j.clientserver][INFO] - Closing down clientserver connection
[2022-03-19 10:36:11,415][py4j.clientserver][INFO] - Closing down clientserver connection
[2022-03-19 10:36:11,494][py4j.clientserver][INFO] - Closing down clientserver connection
[2022-03-19 10:36:46,215][py4j.clientserver][INFO] - Closing down clientserver connection
[2022-03-19 10:37:08,004][py4j.clientserver][INFO] - Closing down clientserver connection
[2022-03-19 10:37:25,287][py4j.clientserver][INFO] - Closing down clientserver connection
[2022-03-19 10:37:25,359][py4j.clientserver][INFO] - Closing down clientserver connection
[2022-03-19 10:37:34,371][py4j.clientserver][INFO] - Closing down clientserver connection
[2022-03-19 10:37:38,578][py4j.clientserver][INFO] - Closing down clientserver connection
[2022-03-19 10:38:58,407][py4j.clientserver][INFO] - Closing down clientserver connection
[2022-03-19 10:38:58,412][py4j.clientserver][INFO] - Closing down clientserver connection
[2022-03-19 10:38:58,447][py4j.clientserver][INFO] - Closing down clientserver connection
[2022-03-19 10:38:58,505][py4j.clientserver][INFO] - Closing down clientserver connection
[2022-03-19 10:40:08,525][py4j.clientserver][INFO] - Closing down clientserver connection
[2022-03-19 10:40:08,577][py4j.clientserver][INFO] - Closing down clientserver connection
[2022-03-19 10:40:16,998][py4j.clientserver][INFO] - Closing down clientserver connection
[2022-03-19 10:40:50,327][py4j.clientserver][INFO] - Closing down clientserver connection
[2022-03-19 10:41:23,195][py4j.clientserver][INFO] - Closing down clientserver connection
[2022-03-19 10:41:23,351][py4j.clientserver][INFO] - Closing down clientserver connection
[2022-03-19 10:41:28,862][py4j.clientserver][INFO] - Closing down clientserver connection
[2022-03-19 10:42:04,725][py4j.clientserver][INFO] - Closing down clientserver connection
[2022-03-19 10:42:43,033][py4j.clientserver][INFO] - Closing down clientserver connection
[2022-03-19 10:42:43,059][py4j.clientserver][INFO] - Closing down clientserver connection
[2022-03-19 10:42:43,218][py4j.clientserver][INFO] - Closing down clientserver connection
[2022-03-19 10:43:22,685][py4j.clientserver][INFO] - Closing down clientserver connection
[2022-03-19 10:43:53,766][py4j.clientserver][INFO] - Closing down clientserver connection
[2022-03-19 10:43:53,771][py4j.clientserver][INFO] - Closing down clientserver connection
[2022-03-19 10:44:29,192][py4j.clientserver][INFO] - Closing down clientserver connection
[2022-03-19 10:44:54,266][py4j.clientserver][INFO] - Closing down clientserver connection
[2022-03-19 10:45:06,409][py4j.clientserver][INFO] - Closing down clientserver connection
[2022-03-19 10:45:06,448][py4j.clientserver][INFO] - Closing down clientserver connection
[2022-03-19 10:45:18,289][py4j.clientserver][INFO] - Closing down clientserver connection
[2022-03-19 10:45:23,341][py4j.clientserver][INFO] - Closing down clientserver connection
[2022-03-19 10:45:54,042][modeling.tuning][INFO] - End of grid search parameter tuning process
[2022-03-19 10:45:57,685][modeling.tuning][INFO] - Model saved to /kaggle/working/test/modeling/outputs/lr_model
[2022-03-19 10:46:01,116][modeling.tuning][INFO] - Tuned Logistic regression test AUC score : 0.9920517272079772
[2022-03-19 10:46:01,135][modeling.tuning][INFO] - Grid search summary saved to /kaggle/working/test/modeling/outputs/lr_tuning_results.csv
[2022-03-19 10:46:01,136][__main__][INFO] - End parameter tuning process
