[2023-09-17 18:55:22,159][__main__][INFO] - Config param validation successful
[2023-09-17 18:55:22,159][__main__][INFO] - Begin parameter tuning process
[2023-09-17 18:55:31,370][modeling.tuning][INFO] - Starting grid search parameter tuning process
[2023-09-17 18:56:59,201][py4j.clientserver][INFO] - Closing down clientserver connection
[2023-09-17 18:56:59,214][py4j.clientserver][INFO] - Closing down clientserver connection
[2023-09-17 18:56:59,225][py4j.clientserver][INFO] - Closing down clientserver connection
[2023-09-17 18:56:59,297][py4j.clientserver][INFO] - Closing down clientserver connection
[2023-09-17 18:56:59,370][py4j.clientserver][INFO] - Closing down clientserver connection
[2023-09-17 18:57:03,855][py4j.clientserver][INFO] - Closing down clientserver connection
[2023-09-17 18:57:07,151][py4j.clientserver][INFO] - Closing down clientserver connection
[2023-09-17 18:57:14,300][py4j.clientserver][INFO] - Closing down clientserver connection
[2023-09-17 18:58:18,191][py4j.clientserver][INFO] - Closing down clientserver connection
[2023-09-17 18:58:18,209][py4j.clientserver][INFO] - Closing down clientserver connection
[2023-09-17 18:58:18,286][py4j.clientserver][INFO] - Closing down clientserver connection
[2023-09-17 18:58:18,371][py4j.clientserver][INFO] - Closing down clientserver connection
[2023-09-17 18:58:18,455][py4j.clientserver][INFO] - Closing down clientserver connection
[2023-09-17 18:58:28,270][py4j.clientserver][INFO] - Closing down clientserver connection
[2023-09-17 18:58:30,646][py4j.clientserver][INFO] - Closing down clientserver connection
[2023-09-17 18:58:38,943][py4j.clientserver][INFO] - Closing down clientserver connection
[2023-09-17 18:59:38,694][py4j.clientserver][INFO] - Closing down clientserver connection
[2023-09-17 18:59:38,929][py4j.clientserver][INFO] - Closing down clientserver connection
[2023-09-17 18:59:45,227][py4j.clientserver][INFO] - Closing down clientserver connection
[2023-09-17 18:59:45,233][py4j.clientserver][INFO] - Closing down clientserver connection
[2023-09-17 18:59:45,243][py4j.clientserver][INFO] - Closing down clientserver connection
[2023-09-17 18:59:45,285][py4j.clientserver][INFO] - Closing down clientserver connection
[2023-09-17 18:59:45,301][py4j.clientserver][INFO] - Closing down clientserver connection
[2023-09-17 18:59:45,455][py4j.clientserver][INFO] - Closing down clientserver connection
[2023-09-17 19:01:13,528][py4j.clientserver][INFO] - Closing down clientserver connection
[2023-09-17 19:01:13,539][py4j.clientserver][INFO] - Closing down clientserver connection
[2023-09-17 19:01:13,556][py4j.clientserver][INFO] - Closing down clientserver connection
[2023-09-17 19:01:13,565][py4j.clientserver][INFO] - Closing down clientserver connection
[2023-09-17 19:01:13,579][py4j.clientserver][INFO] - Closing down clientserver connection
[2023-09-17 19:01:13,723][py4j.clientserver][INFO] - Closing down clientserver connection
[2023-09-17 19:01:15,125][py4j.clientserver][INFO] - Closing down clientserver connection
[2023-09-17 19:01:26,678][py4j.clientserver][INFO] - Closing down clientserver connection
[2023-09-17 19:02:35,953][py4j.clientserver][INFO] - Closing down clientserver connection
[2023-09-17 19:02:35,987][py4j.clientserver][INFO] - Closing down clientserver connection
[2023-09-17 19:02:36,100][py4j.clientserver][INFO] - Closing down clientserver connection
[2023-09-17 19:02:36,197][py4j.clientserver][INFO] - Closing down clientserver connection
[2023-09-17 19:02:41,392][py4j.clientserver][INFO] - Closing down clientserver connection
[2023-09-17 19:02:43,496][py4j.clientserver][INFO] - Closing down clientserver connection
[2023-09-17 19:02:43,507][py4j.clientserver][INFO] - Closing down clientserver connection
[2023-09-17 19:02:53,113][py4j.clientserver][INFO] - Closing down clientserver connection
[2023-09-17 19:03:49,446][py4j.clientserver][INFO] - Closing down clientserver connection
[2023-09-17 19:03:49,464][py4j.clientserver][INFO] - Closing down clientserver connection
[2023-09-17 19:03:56,247][py4j.clientserver][INFO] - Closing down clientserver connection
[2023-09-17 19:03:56,264][py4j.clientserver][INFO] - Closing down clientserver connection
[2023-09-17 19:03:56,271][py4j.clientserver][INFO] - Closing down clientserver connection
[2023-09-17 19:03:56,283][py4j.clientserver][INFO] - Closing down clientserver connection
[2023-09-17 19:03:56,308][py4j.clientserver][INFO] - Closing down clientserver connection
[2023-09-17 19:03:56,422][py4j.clientserver][INFO] - Closing down clientserver connection
[2023-09-17 19:05:23,452][py4j.clientserver][INFO] - Closing down clientserver connection
[2023-09-17 19:05:23,460][py4j.clientserver][INFO] - Closing down clientserver connection
[2023-09-17 19:05:23,468][py4j.clientserver][INFO] - Closing down clientserver connection
[2023-09-17 19:05:23,482][py4j.clientserver][INFO] - Closing down clientserver connection
[2023-09-17 19:05:23,522][py4j.clientserver][INFO] - Closing down clientserver connection
[2023-09-17 19:05:23,549][py4j.clientserver][INFO] - Closing down clientserver connection
[2023-09-17 19:05:23,562][py4j.clientserver][INFO] - Closing down clientserver connection
[2023-09-17 19:05:36,136][py4j.clientserver][INFO] - Closing down clientserver connection
[2023-09-17 19:18:23,504][py4j.clientserver][INFO] - Closing down clientserver connection
[2023-09-17 19:18:23,524][py4j.clientserver][INFO] - Closing down clientserver connection
[2023-09-17 19:18:23,540][py4j.clientserver][INFO] - Closing down clientserver connection
[2023-09-17 19:18:23,545][py4j.clientserver][INFO] - Closing down clientserver connection
[2023-09-17 19:18:23,552][py4j.clientserver][INFO] - Closing down clientserver connection
[2023-09-17 19:18:23,562][py4j.clientserver][INFO] - Closing down clientserver connection
[2023-09-17 19:18:32,366][py4j.clientserver][INFO] - Closing down clientserver connection
[2023-09-17 19:18:34,307][py4j.clientserver][INFO] - Closing down clientserver connection
[2023-09-17 19:19:30,204][py4j.clientserver][INFO] - Closing down clientserver connection
[2023-09-17 19:19:30,211][py4j.clientserver][INFO] - Closing down clientserver connection
[2023-09-17 19:19:31,238][py4j.clientserver][INFO] - Closing down clientserver connection
[2023-09-17 19:19:33,864][py4j.clientserver][INFO] - Closing down clientserver connection
[2023-09-17 19:19:33,896][py4j.clientserver][INFO] - Closing down clientserver connection
[2023-09-17 19:19:33,906][py4j.clientserver][INFO] - Closing down clientserver connection
[2023-09-17 19:19:33,908][py4j.clientserver][INFO] - Closing down clientserver connection
[2023-09-17 19:19:34,005][py4j.clientserver][INFO] - Closing down clientserver connection
[2023-09-17 19:19:50,755][modeling.tuning][INFO] - End of grid search parameter tuning process
[2023-09-17 19:19:54,349][modeling.tuning][INFO] - Model saved to /Users/pinky/Desktop/fake-news-detection/modeling/outputs/lr_model
[2023-09-17 19:19:56,147][modeling.tuning][INFO] - Tuned Logistic regression test AUC score : 0.9924798447352449
[2023-09-17 19:19:56,153][modeling.tuning][INFO] - Grid search summary saved to /Users/pinky/Desktop/fake-news-detection/modeling/outputs/lr_tuning_results.csv
[2023-09-17 19:19:56,153][__main__][INFO] - End parameter tuning process
